<?xml version="1.0" encoding="UTF-8"?>
<testsuite name="ru.gb.unitTest.semSix.CompareListsTest" tests="4" skipped="0" failures="0" errors="0" timestamp="2023-09-30T06:19:14" hostname="LAPTOP-F7SIRPMM" time="1.195">
  <properties/>
  <testcase name="compareAverageValueInList_interactionOfClasses_successfully()" classname="ru.gb.unitTest.semSix.CompareListsTest" time="1.186"/>
  <testcase name="compareAverageValueInList_averageValuesOfListsAreEqual_printingResultToConsole()" classname="ru.gb.unitTest.semSix.CompareListsTest" time="0.002"/>
  <testcase name="compareAverageValueInList_firstListIsLargerSecond_printingResultToConsole()" classname="ru.gb.unitTest.semSix.CompareListsTest" time="0.001"/>
  <testcase name="compareAverageValueInList_secondListIsLargerFirst_printingResultToConsole()" classname="ru.gb.unitTest.semSix.CompareListsTest" time="0.002"/>
  <system-out><![CDATA[]]></system-out>
  <system-err><![CDATA[]]></system-err>
</testsuite>
